
icetime topological timing analysis report
==========================================

Info: max_span_hack is enabled: estimate is conservative.

Report for critical path:
-------------------------

        lc40_11_7_5 (LogicCell40) [clk] -> lcout: 1.491 ns
     1.491 ns net_42030 (iomem_addr[4])
        odrv_11_7_42030_45993 (Odrv4) I -> O: 0.649 ns
        t11011 (Span4Mux_h4) I -> O: 0.543 ns
        t11017 (LocalMux) I -> O: 1.099 ns
        inmux_7_7_30574_30648 (InMux) I -> O: 0.662 ns
        lc40_7_7_7 (LogicCell40) in0 -> lcout: 1.285 ns
     5.729 ns net_27182 (soc.icache_inst.lru[26]_SB_LUT4_I3_O[2])
        odrv_7_7_27182_23644 (Odrv4) I -> O: 0.649 ns
        t6603 (LocalMux) I -> O: 1.099 ns
        inmux_5_7_23556_23600 (InMux) I -> O: 0.662 ns
        lc40_5_7_4 (LogicCell40) in1 -> lcout: 1.232 ns
     9.371 ns net_19674 (soc.cpu.mem_valid_SB_LUT4_I3_O[1])
        odrv_5_7_19674_23653 (Odrv4) I -> O: 0.649 ns
        t5851 (Span4Mux_h4) I -> O: 0.543 ns
        t5850 (Span4Mux_h4) I -> O: 0.543 ns
        t5849 (Span4Mux_h4) I -> O: 0.543 ns
        t5854 (Span4Mux_h4) I -> O: 0.543 ns
        t5853 (Span4Mux_v4) I -> O: 0.649 ns
        t5852 (LocalMux) I -> O: 1.099 ns
        inmux_22_14_88272_88337 (InMux) I -> O: 0.662 ns
        t3033 (CascadeMux) I -> O: 0.000 ns
        lc40_22_14_6 (LogicCell40) in2 -> lcout: 1.205 ns
    15.808 ns net_84400 (soc.cpu.mem_valid_SB_LUT4_I3_O_SB_LUT4_I3_O[3])
        t19947 (LocalMux) I -> O: 1.099 ns
        inmux_21_13_84334_84383 (InMux) I -> O: 0.662 ns
        t2892 (CascadeMux) I -> O: 0.000 ns
        lc40_21_13_6 (LogicCell40) in2 -> lcout: 1.205 ns
    18.775 ns net_80446 (flash_clk_SB_LUT4_I1_O[1])
        t19106 (LocalMux) I -> O: 1.099 ns
        inmux_20_13_80511_80558 (InMux) I -> O: 0.662 ns
        t2789 (CascadeMux) I -> O: 0.000 ns
        lc40_20_13_7 (LogicCell40) in2 -> lcout: 1.205 ns
    21.742 ns net_76964 (soc.simpleuart.send_dummy_SB_LUT4_I1_O[3])
        t18388 (LocalMux) I -> O: 1.099 ns
        inmux_21_14_84458_84500 (InMux) I -> O: 0.662 ns
        t2899 (CascadeMux) I -> O: 0.000 ns
        lc40_21_14_5 (LogicCell40) in2 -> lcout: 1.205 ns
    24.708 ns net_80568 (soc.cpu.mem_xfer_SB_LUT4_O_I2[1])
        odrv_21_14_80568_84531 (Odrv4) I -> O: 0.649 ns
        t19160 (Span4Mux_v4) I -> O: 0.649 ns
        t19159 (LocalMux) I -> O: 1.099 ns
        inmux_21_18_84931_84984 (InMux) I -> O: 0.662 ns
        lc40_21_18_4 (LogicCell40) in0 -> lcout: 1.285 ns
    29.053 ns net_81059 (soc.cpu.decoded_imm_j_SB_DFFE_Q_5_D_SB_LUT4_O_I3[1])
        odrv_21_18_81059_55002 (Odrv12) I -> O: 1.232 ns
        t19313 (Span12Mux_v12) I -> O: 1.073 ns
        t19312 (Sp12to4) I -> O: 0.848 ns
        t19311 (Span4Mux_h4) I -> O: 0.543 ns
        t19310 (LocalMux) I -> O: 1.099 ns
        inmux_10_4_41706_41766 (InMux) I -> O: 0.662 ns
        lc40_10_4_6 (LogicCell40) in0 -> lcout: 1.285 ns
    35.794 ns net_37831 (soc.cpu.cpu_state_SB_DFF_Q_2_D_SB_LUT4_O_I2[3])
        t10145 (LocalMux) I -> O: 1.099 ns
        inmux_9_5_37995_38024 (InMux) I -> O: 0.662 ns
        t1097 (CascadeMux) I -> O: 0.000 ns
        lc40_9_5_0 (LogicCell40) in2 -> lcout: 1.205 ns
    38.761 ns net_34117 (soc.cpu.instr_sw_SB_LUT4_I0_I1[3])
        t8652 (LocalMux) I -> O: 1.099 ns
        inmux_8_4_34051_34075 (InMux) I -> O: 0.662 ns
        lc40_8_4_1 (LogicCell40) in1 -> lcout: 1.232 ns
    41.754 ns net_30164 (soc.cpu.instr_lbu_SB_LUT4_I1_O[2])
        t7486 (LocalMux) I -> O: 1.099 ns
        inmux_9_4_37875_37944 (InMux) I -> O: 0.662 ns
        lc40_9_4_7 (LogicCell40) in3 -> lcout: 0.874 ns
    44.390 ns net_34001 (soc.cpu.mem_do_wdata_SB_DFFESS_Q_E)
        odrv_9_4_34001_34134 (Odrv4) I -> O: 0.649 ns
        t8637 (Span4Mux_h4) I -> O: 0.543 ns
        t8636 (Span4Mux_h4) I -> O: 0.543 ns
        t8635 (LocalMux) I -> O: 1.099 ns
        inmux_9_4_37868_37945 (CEMux) I -> O: 0.702 ns
    47.926 ns net_37945 (soc.cpu.mem_do_wdata_SB_DFFESS_Q_E)
        lc40_9_4_5 (LogicCell40) ce [setup]: 0.000 ns
    47.926 ns net_33999 (soc.cpu.mem_do_rinst_SB_LUT4_I3_O[0])

Resolvable net names on path:
     1.491 ns ..  4.444 ns iomem_addr[4]
     5.729 ns ..  8.139 ns soc.icache_inst.lru[26]_SB_LUT4_I3_O[2]
     9.371 ns .. 14.603 ns soc.cpu.mem_valid_SB_LUT4_I3_O[1]
    15.808 ns .. 17.570 ns soc.cpu.mem_valid_SB_LUT4_I3_O_SB_LUT4_I3_O[3]
    18.775 ns .. 20.536 ns flash_clk_SB_LUT4_I1_O[1]
    21.742 ns .. 23.503 ns soc.simpleuart.send_dummy_SB_LUT4_I1_O[3]
    24.708 ns .. 27.768 ns soc.cpu.mem_xfer_SB_LUT4_O_I2[1]
    29.053 ns .. 34.509 ns soc.cpu.decoded_imm_j_SB_DFFE_Q_5_D_SB_LUT4_O_I3[1]
    35.794 ns .. 37.556 ns soc.cpu.cpu_state_SB_DFF_Q_2_D_SB_LUT4_O_I2[3]
    38.761 ns .. 40.522 ns soc.cpu.instr_sw_SB_LUT4_I0_I1[3]
    41.754 ns .. 43.516 ns soc.cpu.instr_lbu_SB_LUT4_I1_O[2]
    44.390 ns .. 47.926 ns soc.cpu.mem_do_wdata_SB_DFFESS_Q_E
                  lcout -> soc.cpu.mem_do_rinst_SB_LUT4_I3_O[0]

Total number of logic levels: 12
Total path delay: 47.93 ns (20.87 MHz)

